Command line:
   eq2_isim_beh.exe
     -simmode  gui
     -simrunnum  1
     -socket  13312

Mon Mar 13 12:22:30 2017


 Elaboration Time: 0.078 sec

 Current Memory Usage: 1160.7 Meg

 Total Signals          : 15
 Total Nets             : 11
 Total Signal Drivers   : 7
 Total Blocks           : 4
 Total Primitive Blocks : 3
 Total Processes        : 7
 Total Traceable Variables  : 8
 Total Scalar Nets and Variables : 371
Total Line Count : 7

 Total Simulation Time: 0.0936 sec

 Current Memory Usage: 1160.7 Meg

Mon Mar 13 12:22:35 2017

