Running: fuse.exe -relaunch -intstyle "ise" -incremental -o "C:/Users/aula/Downloads/CompDig/Serial/Transmissor_tb_isim_beh.exe" -prj "C:/Users/aula/Downloads/CompDig/Serial/Transmissor_tb_beh.prj" "work.Transmissor_tb" 
ISim P.58f (signature 0x7708f090)
Number of CPUs detected in this system: 8
Turning on mult-threading, number of parallel sub-compilation jobs: 16 
Determining compilation order of HDL files
Parsing VHDL file "C:/Users/aula/Downloads/CompDig/Serial/BaudRate.vhd" into library work
Parsing VHDL file "C:/Users/aula/Downloads/CompDig/Serial/Transmissor.vhd" into library work
Parsing VHDL file "C:/Users/aula/Downloads/CompDig/Serial/Transmissor_tb.vhd" into library work
Starting static elaboration
Completed static elaboration
Compiling package standard
Compiling package std_logic_1164
Compiling architecture arch_br of entity BaudRate [baudrate_default]
Compiling architecture archtx of entity Transmissor [transmissor_default]
Compiling architecture behavior of entity transmissor_tb
Time Resolution for simulation is 1ps.
Waiting for 2 sub-compilation(s) to finish...
Compiled 7 VHDL Units
Built simulation executable C:/Users/aula/Downloads/CompDig/Serial/Transmissor_tb_isim_beh.exe
Fuse Memory Usage: 30472 KB
Fuse CPU Usage: 498 ms
