--------------------------------------------------------------------------------
Release 14.5 Trace  (nt64)
Copyright (c) 1995-2012 Xilinx, Inc.  All rights reserved.

C:\Xilinx\14.5\ISE_DS\ISE\bin\nt64\unwrapped\trce.exe -intstyle ise -v 3 -s 4
-n 3 -fastpaths -xml Control.twx Control.ncd -o Control.twr Control.pcf -ucf
Control.ucf

Design file:              Control.ncd
Physical constraint file: Control.pcf
Device,package,speed:     xc3s500e,fg320,-4 (PRODUCTION 1.27 2013-03-26)
Report level:             verbose report

Environment Variable      Effect 
--------------------      ------ 
NONE                      No environment variables were set
--------------------------------------------------------------------------------

INFO:Timing:2698 - No timing constraints found, doing default enumeration.
INFO:Timing:3412 - To improve timing, see the Timing Closure User Guide (UG612).
INFO:Timing:2752 - To get complete path coverage, use the unconstrained paths 
   option. All paths that are not constrained will be reported in the 
   unconstrained paths section(s) of the report.
INFO:Timing:3339 - The clock-to-out numbers in this timing report are based on 
   a 50 Ohm transmission line loading model.  For the details of this model, 
   and for more information on accounting for different loading conditions, 
   please see the device datasheet.
INFO:Timing:3390 - This architecture does not support a default System Jitter 
   value, please add SYSTEM_JITTER constraint to the UCF to modify the Clock 
   Uncertainty calculation.
INFO:Timing:3389 - This architecture does not support 'Discrete Jitter' and 
   'Phase Error' calculations, these terms will be zero in the Clock 
   Uncertainty calculation.  Please make appropriate modification to 
   SYSTEM_JITTER to account for the unsupported Discrete Jitter and Phase 
   Error.



Data Sheet report:
-----------------
All values displayed in nanoseconds (ns)

Setup/Hold to clock clkPlaca
------------+------------+------------+------------------+--------+
            |Max Setup to|Max Hold to |                  | Clock  |
Source      | clk (edge) | clk (edge) |Internal Clock(s) | Phase  |
------------+------------+------------+------------------+--------+
clk         |    0.839(R)|    0.529(R)|clkPlaca_BUFGP    |   0.000|
reset       |    3.820(R)|    0.111(R)|clkPlaca_BUFGP    |   0.000|
------------+------------+------------+------------------+--------+

Clock clkPlaca to Pad
------------+------------+------------------+--------+
            | clk (edge) |                  | Clock  |
Destination |   to PAD   |Internal Clock(s) | Phase  |
------------+------------+------------------+--------+
ac_out<0>   |   10.845(R)|clkPlaca_BUFGP    |   0.000|
ac_out<1>   |   10.712(R)|clkPlaca_BUFGP    |   0.000|
ac_out<2>   |   10.471(R)|clkPlaca_BUFGP    |   0.000|
ac_out<3>   |   10.388(R)|clkPlaca_BUFGP    |   0.000|
ac_out<4>   |   10.771(R)|clkPlaca_BUFGP    |   0.000|
ac_out<5>   |   10.188(R)|clkPlaca_BUFGP    |   0.000|
ac_out<6>   |   10.308(R)|clkPlaca_BUFGP    |   0.000|
pc_out<0>   |    9.862(R)|clkPlaca_BUFGP    |   0.000|
pc_out<1>   |    9.774(R)|clkPlaca_BUFGP    |   0.000|
pc_out<2>   |    9.743(R)|clkPlaca_BUFGP    |   0.000|
pc_out<3>   |    8.737(R)|clkPlaca_BUFGP    |   0.000|
pc_out<4>   |    8.447(R)|clkPlaca_BUFGP    |   0.000|
pc_out<5>   |    8.216(R)|clkPlaca_BUFGP    |   0.000|
pc_out<6>   |    7.896(R)|clkPlaca_BUFGP    |   0.000|
pc_out<7>   |    8.425(R)|clkPlaca_BUFGP    |   0.000|
------------+------------+------------------+--------+

Clock to Setup on destination clock clkPlaca
---------------+---------+---------+---------+---------+
               | Src:Rise| Src:Fall| Src:Rise| Src:Fall|
Source Clock   |Dest:Rise|Dest:Rise|Dest:Fall|Dest:Fall|
---------------+---------+---------+---------+---------+
clkPlaca       |    6.825|         |         |         |
---------------+---------+---------+---------+---------+


Analysis completed Thu Jun 22 11:34:52 2017 
--------------------------------------------------------------------------------

Trace Settings:
-------------------------
Trace Settings 

Peak Memory Usage: 168 MB



