ISim log file
Running: C:\Users\aula\Downloads\CompDig\CPU\CPURight\preLCD_tb_isim_beh.exe -intstyle ise -gui -tclbatch isim.cmd -wdb C:/Users/aula/Downloads/CompDig/CPU/CPURight/preLCD_tb_isim_beh.wdb 
ISim P.58f (signature 0x7708f090)
This is a Full version of ISim.
Time resolution is 1 ps
# onerror resume
# wave add /
# run 7000 ns
Simulator is doing circuit initialization process.
Finished circuit initialization process.
ISim P.58f (signature 0x7708f090)
This is a Full version of ISim.
# run 7000 ns
Simulator is doing circuit initialization process.
Finished circuit initialization process.
ISim P.58f (signature 0x7708f090)
This is a Full version of ISim.
# run 7000 ns
Simulator is doing circuit initialization process.
Finished circuit initialization process.
ISim P.58f (signature 0x7708f090)
This is a Full version of ISim.
# run 7000 ns
Simulator is doing circuit initialization process.
Finished circuit initialization process.
ISim P.58f (signature 0x7708f090)
This is a Full version of ISim.
# run 7000 ns
Simulator is doing circuit initialization process.
Finished circuit initialization process.
