Release 14.5 - xst P.58f (nt64)
Copyright (c) 1995-2012 Xilinx, Inc.  All rights reserved.
--> Parameter TMPDIR set to xst/projnav.tmp


Total REAL time to Xst completion: 1.00 secs
Total CPU time to Xst completion: 0.59 secs
 
--> Parameter xsthdpdir set to xst


Total REAL time to Xst completion: 1.00 secs
Total CPU time to Xst completion: 0.59 secs
 
--> Reading design: Decoder_key4x4.prj

TABLE OF CONTENTS
  1) Synthesis Options Summary
  2) HDL Compilation
  3) Design Hierarchy Analysis
  4) HDL Analysis
  5) HDL Synthesis
     5.1) HDL Synthesis Report
  6) Advanced HDL Synthesis
     6.1) Advanced HDL Synthesis Report
  7) Low Level Synthesis
  8) Partition Report
  9) Final Report
	9.1) Device utilization summary
	9.2) Partition Resource Summary
	9.3) TIMING REPORT


=========================================================================
*                      Synthesis Options Summary                        *
=========================================================================
---- Source Parameters
Input File Name                    : "Decoder_key4x4.prj"
Input Format                       : mixed
Ignore Synthesis Constraint File   : NO

---- Target Parameters
Output File Name                   : "Decoder_key4x4"
Output Format                      : NGC
Target Device                      : xc3s500e-4-fg320

---- Source Options
Top Module Name                    : Decoder_key4x4
Automatic FSM Extraction           : YES
FSM Encoding Algorithm             : Auto
Safe Implementation                : No
FSM Style                          : LUT
RAM Extraction                     : Yes
RAM Style                          : Auto
ROM Extraction                     : Yes
Mux Style                          : Auto
Decoder Extraction                 : YES
Priority Encoder Extraction        : Yes
Shift Register Extraction          : YES
Logical Shifter Extraction         : YES
XOR Collapsing                     : YES
ROM Style                          : Auto
Mux Extraction                     : Yes
Resource Sharing                   : YES
Asynchronous To Synchronous        : NO
Multiplier Style                   : Auto
Automatic Register Balancing       : No

---- Target Options
Add IO Buffers                     : YES
Global Maximum Fanout              : 500
Add Generic Clock Buffer(BUFG)     : 24
Register Duplication               : YES
Slice Packing                      : YES
Optimize Instantiated Primitives   : NO
Use Clock Enable                   : Yes
Use Synchronous Set                : Yes
Use Synchronous Reset              : Yes
Pack IO Registers into IOBs        : Auto
Equivalent register Removal        : YES

---- General Options
Optimization Goal                  : Speed
Optimization Effort                : 1
Keep Hierarchy                     : No
Netlist Hierarchy                  : As_Optimized
RTL Output                         : Yes
Global Optimization                : AllClockNets
Read Cores                         : YES
Write Timing Constraints           : NO
Cross Clock Analysis               : NO
Hierarchy Separator                : /
Bus Delimiter                      : <>
Case Specifier                     : Maintain
Slice Utilization Ratio            : 100
BRAM Utilization Ratio             : 100
Verilog 2001                       : YES
Auto BRAM Packing                  : NO
Slice Utilization Ratio Delta      : 5

=========================================================================


=========================================================================
*                          HDL Compilation                              *
=========================================================================
Compiling vhdl file "D:/Repos/compDig/lab2/Teclado/mod_m_counter.vhd" in Library work.
Architecture arch of Entity mod_m_counter is up to date.
Compiling vhdl file "D:/Repos/compDig/lab2/Teclado/Decoder_key4x4.vhd" in Library work.
Entity <decoder_key4x4> compiled.
Entity <decoder_key4x4> (Architecture <behavioral>) compiled.

=========================================================================
*                     Design Hierarchy Analysis                         *
=========================================================================
Analyzing hierarchy for entity <Decoder_key4x4> in library <work> (architecture <behavioral>).

Analyzing hierarchy for entity <mod_m_counter> in library <work> (architecture <arch>) with generics.
	M = 50000
	N = 16


=========================================================================
*                            HDL Analysis                               *
=========================================================================
Analyzing Entity <Decoder_key4x4> in library <work> (Architecture <behavioral>).
Entity <Decoder_key4x4> analyzed. Unit <Decoder_key4x4> generated.

Analyzing generic Entity <mod_m_counter> in library <work> (Architecture <arch>).
	M = 50000
	N = 16
Entity <mod_m_counter> analyzed. Unit <mod_m_counter> generated.


=========================================================================
*                           HDL Synthesis                               *
=========================================================================

Performing bidirectional port resolution...

Synthesizing Unit <mod_m_counter>.
    Related source file is "D:/Repos/compDig/lab2/Teclado/mod_m_counter.vhd".
    Found 16-bit adder for signal <r_next$addsub0000> created at line 29.
    Found 16-bit register for signal <r_reg>.
    Summary:
	inferred  16 D-type flip-flop(s).
	inferred   1 Adder/Subtractor(s).
Unit <mod_m_counter> synthesized.


Synthesizing Unit <Decoder_key4x4>.
    Related source file is "D:/Repos/compDig/lab2/Teclado/Decoder_key4x4.vhd".
WARNING:Xst:1780 - Signal <tick1> is never used or assigned. This unconnected signal will be trimmed during the optimization process.
WARNING:Xst:1780 - Signal <init_val> is never used or assigned. This unconnected signal will be trimmed during the optimization process.
    Found finite state machine <FSM_0> for signal <key>.
    -----------------------------------------------------------------------
    | States             | 4                                              |
    | Transitions        | 8                                              |
    | Inputs             | 1                                              |
    | Outputs            | 8                                              |
    | Clock              | clk                       (rising_edge)        |
    | Clock enable       | tick                      (negative)           |
    | Power Up State     | c1                                             |
    | Encoding           | automatic                                      |
    | Implementation     | LUT                                            |
    -----------------------------------------------------------------------
    Found 4-bit register for signal <DecodeOut>.
    Found 4-bit register for signal <Col>.
    Found 1-bit register for signal <aux_new_in>.
    Summary:
	inferred   1 Finite State Machine(s).
	inferred   9 D-type flip-flop(s).
Unit <Decoder_key4x4> synthesized.


=========================================================================
HDL Synthesis Report

Macro Statistics
# Adders/Subtractors                                   : 1
 16-bit adder                                          : 1
# Registers                                            : 4
 1-bit register                                        : 1
 16-bit register                                       : 1
 4-bit register                                        : 2

=========================================================================

=========================================================================
*                       Advanced HDL Synthesis                          *
=========================================================================

Analyzing FSM <FSM_0> for best encoding.
Optimizing FSM <key/FSM> on signal <key[1:2]> with gray encoding.
-------------------
 State | Encoding
-------------------
 c1    | 00
 c2    | 01
 c3    | 11
 c4    | 10
-------------------

=========================================================================
Advanced HDL Synthesis Report

Macro Statistics
# FSMs                                                 : 1
# Adders/Subtractors                                   : 1
 16-bit adder                                          : 1
# Registers                                            : 25
 Flip-Flops                                            : 25

=========================================================================

=========================================================================
*                         Low Level Synthesis                           *
=========================================================================

Optimizing unit <Decoder_key4x4> ...

Optimizing unit <mod_m_counter> ...

Mapping all equations...
Building and optimizing final netlist ...
Found area constraint ratio of 100 (+ 5) on block Decoder_key4x4, actual ratio is 0.

Final Macro Processing ...

=========================================================================
Final Register Report

Macro Statistics
# Registers                                            : 27
 Flip-Flops                                            : 27

=========================================================================

=========================================================================
*                           Partition Report                            *
=========================================================================

Partition Implementation Status
-------------------------------

  No Partitions were found in this design.

-------------------------------

=========================================================================
*                            Final Report                               *
=========================================================================
Final Results
RTL Top Level Output File Name     : Decoder_key4x4.ngr
Top Level Output File Name         : Decoder_key4x4
Output Format                      : NGC
Optimization Goal                  : Speed
Keep Hierarchy                     : No

Design Statistics
# IOs                              : 14

Cell Usage :
# BELS                             : 87
#      GND                         : 1
#      INV                         : 1
#      LUT1                        : 15
#      LUT2                        : 6
#      LUT3                        : 3
#      LUT4                        : 22
#      LUT4_D                      : 3
#      LUT4_L                      : 4
#      MUXCY                       : 15
#      VCC                         : 1
#      XORCY                       : 16
# FlipFlops/Latches                : 27
#      FDE                         : 10
#      FDR                         : 16
#      FDRE                        : 1
# Clock Buffers                    : 1
#      BUFGP                       : 1
# IO Buffers                       : 13
#      IBUF                        : 4
#      OBUF                        : 9
=========================================================================

Device utilization summary:
---------------------------

Selected Device : 3s500efg320-4 

 Number of Slices:                       29  out of   4656     0%  
 Number of Slice Flip Flops:             27  out of   9312     0%  
 Number of 4 input LUTs:                 54  out of   9312     0%  
 Number of IOs:                          14
 Number of bonded IOBs:                  14  out of    232     6%  
 Number of GCLKs:                         1  out of     24     4%  

---------------------------
Partition Resource Summary:
---------------------------

  No Partitions were found in this design.

---------------------------


=========================================================================
TIMING REPORT

NOTE: THESE TIMING NUMBERS ARE ONLY A SYNTHESIS ESTIMATE.
      FOR ACCURATE TIMING INFORMATION PLEASE REFER TO THE TRACE REPORT
      GENERATED AFTER PLACE-and-ROUTE.

Clock Information:
------------------
-----------------------------------+------------------------+-------+
Clock Signal                       | Clock buffer(FF name)  | Load  |
-----------------------------------+------------------------+-------+
clk                                | BUFGP                  | 27    |
-----------------------------------+------------------------+-------+

Asynchronous Control Signals Information:
----------------------------------------
No asynchronous control signals found in this design

Timing Summary:
---------------
Speed Grade: -4

   Minimum period: 5.202ns (Maximum Frequency: 192.234MHz)
   Minimum input arrival time before clock: 5.683ns
   Maximum output required time after clock: 4.310ns
   Maximum combinational path delay: No path found

Timing Detail:
--------------
All values displayed in nanoseconds (ns)

=========================================================================
Timing constraint: Default period analysis for Clock 'clk'
  Clock period: 5.202ns (frequency: 192.234MHz)
  Total number of paths / destination ports: 708 / 55
-------------------------------------------------------------------------
Delay:               5.202ns (Levels of Logic = 2)
  Source:            counter/r_reg_11 (FF)
  Destination:       aux_new_in (FF)
  Source Clock:      clk rising
  Destination Clock: clk rising

  Data Path: counter/r_reg_11 to aux_new_in
                                Gate     Net
    Cell:in->out      fanout   Delay   Delay  Logical Name (Net Name)
    ----------------------------------------  ------------
     FDR:C->Q              3   0.591   0.706  counter/r_reg_11 (counter/r_reg_11)
     LUT4:I0->O            3   0.704   0.535  counter/r_next_cmp_eq000043 (counter/r_next_cmp_eq000043)
     LUT4:I3->O           17   0.704   1.051  counter/r_next_cmp_eq000055 (tick)
     FDRE:R                    0.911          aux_new_in
    ----------------------------------------
    Total                      5.202ns (2.910ns logic, 2.292ns route)
                                       (55.9% logic, 44.1% route)

=========================================================================
Timing constraint: Default OFFSET IN BEFORE for Clock 'clk'
  Total number of paths / destination ports: 55 / 5
-------------------------------------------------------------------------
Offset:              5.683ns (Levels of Logic = 4)
  Source:            Row<2> (PAD)
  Destination:       DecodeOut_1 (FF)
  Destination Clock: clk rising

  Data Path: Row<2> to DecodeOut_1
                                Gate     Net
    Cell:in->out      fanout   Delay   Delay  Logical Name (Net Name)
    ----------------------------------------  ------------
     IBUF:I->O             9   1.218   0.995  Row_2_IBUF (Row_2_IBUF)
     LUT2:I0->O            1   0.704   0.595  DecodeOut_mux0000<2>65 (DecodeOut_mux0000<2>65)
     LUT4:I0->O            1   0.704   0.455  DecodeOut_mux0000<2>80 (DecodeOut_mux0000<2>80)
     LUT4:I2->O            1   0.704   0.000  DecodeOut_mux0000<2>105 (DecodeOut_mux0000<2>)
     FDE:D                     0.308          DecodeOut_1
    ----------------------------------------
    Total                      5.683ns (3.638ns logic, 2.045ns route)
                                       (64.0% logic, 36.0% route)

=========================================================================
Timing constraint: Default OFFSET OUT AFTER for Clock 'clk'
  Total number of paths / destination ports: 9 / 9
-------------------------------------------------------------------------
Offset:              4.310ns (Levels of Logic = 1)
  Source:            aux_new_in (FF)
  Destination:       new_in (PAD)
  Source Clock:      clk rising

  Data Path: aux_new_in to new_in
                                Gate     Net
    Cell:in->out      fanout   Delay   Delay  Logical Name (Net Name)
    ----------------------------------------  ------------
     FDRE:C->Q             2   0.591   0.447  aux_new_in (aux_new_in)
     OBUF:I->O                 3.272          new_in_OBUF (new_in)
    ----------------------------------------
    Total                      4.310ns (3.863ns logic, 0.447ns route)
                                       (89.6% logic, 10.4% route)

=========================================================================


Total REAL time to Xst completion: 8.00 secs
Total CPU time to Xst completion: 8.13 secs
 
--> 

Total memory usage is 256500 kilobytes

Number of errors   :    0 (   0 filtered)
Number of warnings :    2 (   0 filtered)
Number of infos    :    0 (   0 filtered)

