Release 14.5 - ngc2edif P.58f (nt64)
Copyright (c) 1995-2012 Xilinx, Inc.  All rights reserved.
Reading design somador1bit.ngc ...
WARNING:NetListWriters:298 - No output is written to somador1bit.xncf, ignored.
Processing design ...
   Preping design's networks ...
   Preping design's macros ...
  finished :Prep
Writing EDIF netlist file somador1bit.edif ...
ngc2edif: Total memory usage is 79220 kilobytes

Release 14.5 - ngc2edif P.58f (nt64)
Copyright (c) 1995-2012 Xilinx, Inc.  All rights reserved.
Reading design somador1bit.ngc ...
WARNING:NetListWriters:298 - No output is written to somador1bit.xncf, ignored.
Processing design ...
   Preping design's networks ...
   Preping design's macros ...
  finished :Prep
Writing EDIF netlist file somador1bit.edif ...
ngc2edif: Total memory usage is 78964 kilobytes

Release 14.5 - ngc2edif P.58f (nt64)
Copyright (c) 1995-2012 Xilinx, Inc.  All rights reserved.
Reading design somador1bit.ngc ...
WARNING:NetListWriters:298 - No output is written to somador1bit.xncf, ignored.
Processing design ...
   Preping design's networks ...
   Preping design's macros ...
  finished :Prep
Writing EDIF netlist file somador1bit.edif ...
ngc2edif: Total memory usage is 79220 kilobytes

Release 14.5 - ngc2edif P.58f (nt64)
Copyright (c) 1995-2012 Xilinx, Inc.  All rights reserved.
Reading design somador1bit.ngc ...
WARNING:NetListWriters:298 - No output is written to somador1bit.xncf, ignored.
Processing design ...
   Preping design's networks ...
   Preping design's macros ...
  finished :Prep
Writing EDIF netlist file somador1bit.edif ...
ngc2edif: Total memory usage is 79220 kilobytes

Release 14.5 - ngc2edif P.58f (nt64)
Copyright (c) 1995-2012 Xilinx, Inc.  All rights reserved.
Reading design somador2bit.ngc ...
WARNING:NetListWriters:298 - No output is written to somador2bit.xncf, ignored.
Processing design ...
   Preping design's networks ...
   Preping design's macros ...
  finished :Prep
Writing EDIF netlist file somador2bit.edif ...
ngc2edif: Total memory usage is 79412 kilobytes

Release 14.5 - ngc2edif P.58f (nt64)
Copyright (c) 1995-2012 Xilinx, Inc.  All rights reserved.
Reading design somador2bit.ngc ...
WARNING:NetListWriters:298 - No output is written to somador2bit.xncf, ignored.
Processing design ...
   Preping design's networks ...
   Preping design's macros ...
  finished :Prep
Writing EDIF netlist file somador2bit.edif ...
ngc2edif: Total memory usage is 79412 kilobytes

Release 14.5 - ngc2edif P.58f (nt64)
Copyright (c) 1995-2012 Xilinx, Inc.  All rights reserved.
Reading design somador2bit.ngc ...
WARNING:NetListWriters:298 - No output is written to somador2bit.xncf, ignored.
Processing design ...
   Preping design's networks ...
   Preping design's macros ...
  finished :Prep
Writing EDIF netlist file somador2bit.edif ...
ngc2edif: Total memory usage is 79092 kilobytes

