#-----------------------------------------------------------
# PlanAhead v14.5 (64-bit)
# Build 247527 by xbuild on Mon Mar 25 17:13:07 MDT 2013
# Start of session at: Mon May 22 11:48:15 2017
# Process ID: 6260
# Log file: C:/Users/aula/Downloads/CompDig/Serial/planAhead_run_1/planAhead.log
# Journal file: C:/Users/aula/Downloads/CompDig/Serial/planAhead_run_1/planAhead.jou
#-----------------------------------------------------------
INFO: [Common 17-78] Attempting to get a license: PlanAhead
INFO: [Common 17-290] Got license for PlanAhead
INFO: [Common 17-86] Your PlanAhead license expires in -51 day(s)
INFO: [Device 21-36] Loading parts and site information from C:/Xilinx/14.5/ISE_DS/PlanAhead/data/parts/arch.xml
Parsing RTL primitives file [C:/Xilinx/14.5/ISE_DS/PlanAhead/data/parts/xilinx/rtl/prims/rtl_prims.xml]
Finished parsing RTL primitives file [C:/Xilinx/14.5/ISE_DS/PlanAhead/data/parts/xilinx/rtl/prims/rtl_prims.xml]
start_gui
source C:/Users/aula/Downloads/CompDig/Serial/pa.fromNetlist.tcl
# create_project -name Serial -dir "C:/Users/aula/Downloads/CompDig/Serial/planAhead_run_3" -part xc3s500efg320-4
create_project: Time (s): elapsed = 00:00:05 . Memory (MB): peak = 427.824 ; gain = 60.176
# set_property design_mode GateLvl [get_property srcset [current_run -impl]]
# set_property edif_top_file "C:/Users/aula/Downloads/CompDig/Serial/Transmissor.ngc" [ get_property srcset [ current_run ] ]
# add_files -norecurse { {C:/Users/aula/Downloads/CompDig/Serial} }
# set_param project.pinAheadLayout  yes
# set_property target_constrs_file "Transmissor.ucf" [current_fileset -constrset]
Adding file 'C:/Users/aula/Downloads/CompDig/Serial/Transmissor.ucf' to fileset 'constrs_1'
# add_files [list {Transmissor.ucf}] -fileset [get_property constrset [current_run]]
# link_design
Design is defaulting to srcset: sources_1
Design is defaulting to constrset: constrs_1
Design is defaulting to project part: xc3s500efg320-4
Release 14.5 - ngc2edif P.58f (nt64)
Copyright (c) 1995-2012 Xilinx, Inc.  All rights reserved.
Reading design Transmissor.ngc ...
WARNING:NetListWriters:298 - No output is written to Transmissor.xncf, ignored.
Processing design ...
   Preping design's networks ...
   Preping design's macros ...
  finished :Prep
Writing EDIF netlist file Transmissor.edif ...
ngc2edif: Total memory usage is 79348 kilobytes

Parsing EDIF File [./planAhead_run_3/Serial.data/cache/Transmissor_ngc_zx.edif]
Finished Parsing EDIF File [./planAhead_run_3/Serial.data/cache/Transmissor_ngc_zx.edif]
INFO: [Designutils 20-910] Reading macro library C:/Xilinx/14.5/ISE_DS/PlanAhead/data\./parts/xilinx/spartan3e/spartan3e/hd_int_macros.edn
Parsing EDIF File [C:/Xilinx/14.5/ISE_DS/PlanAhead/data\./parts/xilinx/spartan3e/spartan3e/hd_int_macros.edn]
Finished Parsing EDIF File [C:/Xilinx/14.5/ISE_DS/PlanAhead/data\./parts/xilinx/spartan3e/spartan3e/hd_int_macros.edn]
Loading clock regions from C:/Xilinx/14.5/ISE_DS/PlanAhead/data\parts/xilinx/spartan3e/spartan3e/xc3s500e/ClockRegion.xml
Loading clock buffers from C:/Xilinx/14.5/ISE_DS/PlanAhead/data\parts/xilinx/spartan3e/spartan3e/xc3s500e/ClockBuffers.xml
Loading package from C:/Xilinx/14.5/ISE_DS/PlanAhead/data\parts/xilinx/spartan3e/spartan3e/xc3s500e/fg320/Package.xml
Loading io standards from C:/Xilinx/14.5/ISE_DS/PlanAhead/data\./parts/xilinx/spartan3e/IOStandards.xml
INFO: [Device 21-19] Loading pkg sso from C:/Xilinx/14.5/ISE_DS/PlanAhead/data\parts/xilinx/spartan3e/spartan3e/xc3s500e/fg320/SSORules.xml
Loading list of drcs for the architecture : C:/Xilinx/14.5/ISE_DS/PlanAhead/data\./parts/xilinx/spartan3e/spartan3e/drc.xml
INFO: [Timing 38-77] Reading timing library C:/Xilinx/14.5/ISE_DS/PlanAhead/data\parts/xilinx/spartan3e/spartan3e/spartan3e-4.lib.
INFO: [Timing 38-34] Done reading timing library C:/Xilinx/14.5/ISE_DS/PlanAhead/data\parts/xilinx/spartan3e/spartan3e/spartan3e-4.lib.
Parsing UCF File [C:/Users/aula/Downloads/CompDig/Serial/Transmissor.ucf]
Finished Parsing UCF File [C:/Users/aula/Downloads/CompDig/Serial/Transmissor.ucf]
INFO: [Project 1-111] Unisim Transformation Summary:
No Unisim elements were transformed.

Phase 0 | Netlist Checksum: 262a0bdc
link_design: Time (s): elapsed = 00:00:15 . Memory (MB): peak = 568.426 ; gain = 136.059
startgroup
set_property package_pin L13 [get_ports b0]
endgroup
startgroup
set_property package_pin L14 [get_ports b1]
endgroup
startgroup
set_property package_pin H18 [get_ports b2]
endgroup
startgroup
set_property package_pin N17 [get_ports b3]
endgroup
startgroup
set_property package_pin C9 [get_ports oldClk]
endgroup
startgroup
set_property package_pin K17 [get_ports reset]
endgroup
startgroup
set_property package_pin D18 [get_ports send]
endgroup
save_constraints
exit
ERROR: [PlanAhead 12-106] *** Exception: ui.h.b: Found deleted key in HTclEventBroker. Verify if the classes listed here call cleanup()
HTclEvent: SIGNAL_MODIFY   Classes: ui.views.aR 
HTclEvent: SIGNAL_BUS_MODIFY   Classes: ui.views.aR 
HTclEvent: DEBUG_PORT_CONFIG_CHANGE   Classes: ui.views.aR 
HTclEvent: DEBUG_CORE_CONFIG_CHANGE   Classes: ui.views.aR 
 (See C:/Users/aula/Downloads/CompDig/Serial\planAhead_pid6260.debug)
ERROR: [Common 17-39] 'stop_gui' failed due to earlier errors.
INFO: [Common 17-206] Exiting PlanAhead at Mon May 22 11:50:47 2017...
INFO: [Common 17-83] Releasing license: PlanAhead
