Release 14.5 - xst P.58f (nt64)
Copyright (c) 1995-2012 Xilinx, Inc.  All rights reserved.
--> Parameter TMPDIR set to xst/projnav.tmp


Total REAL time to Xst completion: 0.00 secs
Total CPU time to Xst completion: 0.10 secs
 
--> Parameter xsthdpdir set to xst


Total REAL time to Xst completion: 0.00 secs
Total CPU time to Xst completion: 0.10 secs
 
--> Reading design: CPU.prj

TABLE OF CONTENTS
  1) Synthesis Options Summary
  2) HDL Compilation
  3) Design Hierarchy Analysis
  4) HDL Analysis
  5) HDL Synthesis
     5.1) HDL Synthesis Report
  6) Advanced HDL Synthesis
     6.1) Advanced HDL Synthesis Report
  7) Low Level Synthesis
  8) Partition Report
  9) Final Report
	9.1) Device utilization summary
	9.2) Partition Resource Summary
	9.3) TIMING REPORT


=========================================================================
*                      Synthesis Options Summary                        *
=========================================================================
---- Source Parameters
Input File Name                    : "CPU.prj"
Input Format                       : mixed
Ignore Synthesis Constraint File   : NO

---- Target Parameters
Output File Name                   : "CPU"
Output Format                      : NGC
Target Device                      : xc3s500e-4-fg320

---- Source Options
Top Module Name                    : CPU
Automatic FSM Extraction           : YES
FSM Encoding Algorithm             : Auto
Safe Implementation                : No
FSM Style                          : LUT
RAM Extraction                     : Yes
RAM Style                          : Auto
ROM Extraction                     : Yes
Mux Style                          : Auto
Decoder Extraction                 : YES
Priority Encoder Extraction        : Yes
Shift Register Extraction          : YES
Logical Shifter Extraction         : YES
XOR Collapsing                     : YES
ROM Style                          : Auto
Mux Extraction                     : Yes
Resource Sharing                   : YES
Asynchronous To Synchronous        : NO
Multiplier Style                   : Auto
Automatic Register Balancing       : No

---- Target Options
Add IO Buffers                     : YES
Global Maximum Fanout              : 100000
Add Generic Clock Buffer(BUFG)     : 24
Register Duplication               : YES
Slice Packing                      : YES
Optimize Instantiated Primitives   : NO
Use Clock Enable                   : Yes
Use Synchronous Set                : Yes
Use Synchronous Reset              : Yes
Pack IO Registers into IOBs        : Auto
Equivalent register Removal        : YES

---- General Options
Optimization Goal                  : Speed
Optimization Effort                : 1
Keep Hierarchy                     : No
Netlist Hierarchy                  : As_Optimized
RTL Output                         : Yes
Global Optimization                : AllClockNets
Read Cores                         : YES
Write Timing Constraints           : NO
Cross Clock Analysis               : NO
Hierarchy Separator                : /
Bus Delimiter                      : <>
Case Specifier                     : Maintain
Slice Utilization Ratio            : 100
BRAM Utilization Ratio             : 100
Verilog 2001                       : YES
Auto BRAM Packing                  : NO
Slice Utilization Ratio Delta      : 5

=========================================================================


=========================================================================
*                          HDL Compilation                              *
=========================================================================
Compiling vhdl file "C:/Users/aula/Downloads/CompDig/CPU/LabCPU/tri_state_buffer.vhd" in Library work.
Architecture behavioral of Entity tri_state_buffer is up to date.
Compiling vhdl file "C:/Users/aula/Downloads/CompDig/CPU/LabCPU/register8.vhd" in Library work.
Architecture behavioral of Entity register8 is up to date.
Compiling vhdl file "C:/Users/aula/Downloads/CompDig/CPU/LabCPU/up_counter_load.vhd" in Library work.
Architecture rtl of Entity up_counter_load is up to date.
Compiling vhdl file "C:/Users/aula/Downloads/CompDig/CPU/LabCPU/alu8bit.vhd" in Library work.
Architecture behavioral of Entity alu8bit is up to date.
Compiling vhdl file "C:/Users/aula/Downloads/CompDig/CPU/LabCPU/CPU.vhd" in Library work.
Entity <cpu> compiled.
Entity <cpu> (Architecture <behavioral>) compiled.

=========================================================================
*                     Design Hierarchy Analysis                         *
=========================================================================
Analyzing hierarchy for entity <CPU> in library <work> (architecture <behavioral>).

Analyzing hierarchy for entity <tri_state_buffer> in library <work> (architecture <Behavioral>).

Analyzing hierarchy for entity <register8> in library <work> (architecture <Behavioral>).

Analyzing hierarchy for entity <up_counter_load> in library <work> (architecture <rtl>).

Analyzing hierarchy for entity <alu8bit> in library <work> (architecture <behavioral>).


=========================================================================
*                            HDL Analysis                               *
=========================================================================
Analyzing Entity <CPU> in library <work> (Architecture <behavioral>).
WARNING:Xst:753 - "C:/Users/aula/Downloads/CompDig/CPU/LabCPU/CPU.vhd" line 80: Unconnected output port 'Q' of component 'register8'.
WARNING:Xst:753 - "C:/Users/aula/Downloads/CompDig/CPU/LabCPU/CPU.vhd" line 110: Unconnected output port 'zero' of component 'alu8bit'.
Entity <CPU> analyzed. Unit <CPU> generated.

Analyzing Entity <tri_state_buffer> in library <work> (Architecture <Behavioral>).
Entity <tri_state_buffer> analyzed. Unit <tri_state_buffer> generated.

Analyzing Entity <register8> in library <work> (Architecture <Behavioral>).
Entity <register8> analyzed. Unit <register8> generated.

Analyzing Entity <up_counter_load> in library <work> (Architecture <rtl>).
Entity <up_counter_load> analyzed. Unit <up_counter_load> generated.

Analyzing Entity <alu8bit> in library <work> (Architecture <behavioral>).
WARNING:Xst:819 - "C:/Users/aula/Downloads/CompDig/CPU/LabCPU/alu8bit.vhd" line 15: One or more signals are missing in the process sensitivity list. To enable synthesis of FPGA/CPLD hardware, XST will assume that all necessary signals are present in the sensitivity list. Please note that the result of the synthesis may differ from the initial design specification. The missing signals are:
   <a>, <b>
Entity <alu8bit> analyzed. Unit <alu8bit> generated.


=========================================================================
*                           HDL Synthesis                               *
=========================================================================

Performing bidirectional port resolution...

Synthesizing Unit <tri_state_buffer>.
    Related source file is "C:/Users/aula/Downloads/CompDig/CPU/LabCPU/tri_state_buffer.vhd".
    Found 8-bit tristate buffer for signal <OUT8>.
    Summary:
	inferred   8 Tristate(s).
Unit <tri_state_buffer> synthesized.


Synthesizing Unit <register8>.
    Related source file is "C:/Users/aula/Downloads/CompDig/CPU/LabCPU/register8.vhd".
    Found 8-bit register for signal <Q>.
    Summary:
	inferred   8 D-type flip-flop(s).
Unit <register8> synthesized.


Synthesizing Unit <up_counter_load>.
    Related source file is "C:/Users/aula/Downloads/CompDig/CPU/LabCPU/up_counter_load.vhd".
    Found 8-bit up counter for signal <count>.
    Summary:
	inferred   1 Counter(s).
Unit <up_counter_load> synthesized.


Synthesizing Unit <alu8bit>.
    Related source file is "C:/Users/aula/Downloads/CompDig/CPU/LabCPU/alu8bit.vhd".
    Found 8-bit adder for signal <temp$mux0000> created at line 18.
    Summary:
	inferred   1 Adder/Subtractor(s).
Unit <alu8bit> synthesized.


Synthesizing Unit <CPU>.
    Related source file is "C:/Users/aula/Downloads/CompDig/CPU/LabCPU/CPU.vhd".
WARNING:Xst:1780 - Signal <clk> is never used or assigned. This unconnected signal will be trimmed during the optimization process.
WARNING:Xst:653 - Signal <auxData> is used but never assigned. This sourceless signal will be automatically connected to value 00000000.
WARNING:Xst:1780 - Signal <Q> is never used or assigned. This unconnected signal will be trimmed during the optimization process.
WARNING:Xst:653 - Signal <CPU_STATE> is used but never assigned. This sourceless signal will be automatically connected to value 00000.
    Using one-hot encoding for signal <CPU_STATE>.
Unit <CPU> synthesized.

WARNING:Xst:524 - All outputs of the instance <IR> of the block <register8> are unconnected in block <CPU>.
   This instance will be removed from the design along with all underlying logic

=========================================================================
HDL Synthesis Report

Macro Statistics
# Adders/Subtractors                                   : 1
 8-bit adder                                           : 1
# Counters                                             : 1
 8-bit up counter                                      : 1
# Registers                                            : 2
 8-bit register                                        : 2
# Tristates                                            : 4
 8-bit tristate buffer                                 : 4

=========================================================================

=========================================================================
*                       Advanced HDL Synthesis                          *
=========================================================================

WARNING:Xst:1290 - Hierarchical block <RAM_TRI> is unconnected in block <CPU>.
   It will be removed from the design.
WARNING:Xst:1290 - Hierarchical block <ALU_TRI> is unconnected in block <CPU>.
   It will be removed from the design.
WARNING:Xst:1290 - Hierarchical block <MBR_TRI> is unconnected in block <CPU>.
   It will be removed from the design.
WARNING:Xst:1290 - Hierarchical block <PC_TRI> is unconnected in block <CPU>.
   It will be removed from the design.
WARNING:Xst:1290 - Hierarchical block <MBR> is unconnected in block <CPU>.
   It will be removed from the design.
WARNING:Xst:1290 - Hierarchical block <AC> is unconnected in block <CPU>.
   It will be removed from the design.
WARNING:Xst:1290 - Hierarchical block <PC> is unconnected in block <CPU>.
   It will be removed from the design.
WARNING:Xst:1290 - Hierarchical block <ALU> is unconnected in block <CPU>.
   It will be removed from the design.

=========================================================================
Advanced HDL Synthesis Report

Macro Statistics
# Adders/Subtractors                                   : 1
 8-bit adder                                           : 1
# Counters                                             : 1
 8-bit up counter                                      : 1
# Registers                                            : 16
 Flip-Flops                                            : 16

=========================================================================

=========================================================================
*                         Low Level Synthesis                           *
=========================================================================
WARNING:Xst:524 - All outputs of the instance <RAM_TRI> of the block <tri_state_buffer> are unconnected in block <CPU>.
   This instance will be removed from the design along with all underlying logic
WARNING:Xst:524 - All outputs of the instance <ALU_TRI> of the block <tri_state_buffer> are unconnected in block <CPU>.
   This instance will be removed from the design along with all underlying logic
WARNING:Xst:524 - All outputs of the instance <MBR_TRI> of the block <tri_state_buffer> are unconnected in block <CPU>.
   This instance will be removed from the design along with all underlying logic
WARNING:Xst:524 - All outputs of the instance <PC_TRI> of the block <tri_state_buffer> are unconnected in block <CPU>.
   This instance will be removed from the design along with all underlying logic
WARNING:Xst:524 - All outputs of the instance <MBR> of the block <register8> are unconnected in block <CPU>.
   This instance will be removed from the design along with all underlying logic
WARNING:Xst:524 - All outputs of the instance <AC> of the block <register8> are unconnected in block <CPU>.
   This instance will be removed from the design along with all underlying logic
WARNING:Xst:2042 - Unit tri_state_buffer: 8 internal tristates are replaced by logic (pull-up yes): OUT8<0>, OUT8<1>, OUT8<2>, OUT8<3>, OUT8<4>, OUT8<5>, OUT8<6>, OUT8<7>.

Optimizing unit <CPU> ...

Optimizing unit <tri_state_buffer> ...

Optimizing unit <register8> ...

Mapping all equations...
Building and optimizing final netlist ...
Found area constraint ratio of 100 (+ 5) on block CPU, actual ratio is 0.

Final Macro Processing ...

=========================================================================
Final Register Report

Found no macro
=========================================================================

=========================================================================
*                           Partition Report                            *
=========================================================================

Partition Implementation Status
-------------------------------

  No Partitions were found in this design.

-------------------------------

=========================================================================
*                            Final Report                               *
=========================================================================
Final Results
RTL Top Level Output File Name     : CPU.ngr
Top Level Output File Name         : CPU
Output Format                      : NGC
Optimization Goal                  : Speed
Keep Hierarchy                     : No

Design Statistics
# IOs                              : 1

Cell Usage :
=========================================================================

Device utilization summary:
---------------------------

Selected Device : 3s500efg320-4 

 Number of Slices:                        0  out of   4656     0%  
 Number of IOs:                           1
 Number of bonded IOBs:                   0  out of    232     0%  

---------------------------
Partition Resource Summary:
---------------------------

  No Partitions were found in this design.

---------------------------


=========================================================================
TIMING REPORT

NOTE: THESE TIMING NUMBERS ARE ONLY A SYNTHESIS ESTIMATE.
      FOR ACCURATE TIMING INFORMATION PLEASE REFER TO THE TRACE REPORT
      GENERATED AFTER PLACE-and-ROUTE.

Clock Information:
------------------
No clock signals found in this design

Asynchronous Control Signals Information:
----------------------------------------
No asynchronous control signals found in this design

Timing Summary:
---------------
Speed Grade: -4

   Minimum period: No path found
   Minimum input arrival time before clock: No path found
   Maximum output required time after clock: No path found
   Maximum combinational path delay: No path found

Timing Detail:
--------------
All values displayed in nanoseconds (ns)

=========================================================================


Total REAL time to Xst completion: 5.00 secs
Total CPU time to Xst completion: 4.83 secs
 
--> 

Total memory usage is 255240 kilobytes

Number of errors   :    0 (   0 filtered)
Number of warnings :   23 (   0 filtered)
Number of infos    :    0 (   0 filtered)

