#-----------------------------------------------------------
# PlanAhead v14.7 (64-bit)
# Build 321239 by xbuild on Fri Sep 27 19:29:51 MDT 2013
# Start of session at: Mon Mar 13 11:54:11 2017
# Process ID: 6944
# Log file: D:/Tutorial/planAhead_run_3/planAhead.log
# Journal file: D:/Tutorial/planAhead_run_3/planAhead.jou
#-----------------------------------------------------------
INFO: [Common 17-78] Attempting to get a license: PlanAhead
INFO: [Common 17-290] Got license for PlanAhead
INFO: [Common 17-86] Your PlanAhead license expires in 18 day(s)
INFO: [Device 21-36] Loading parts and site information from C:/Xilinx/14.7/ISE_DS/PlanAhead/data/parts/arch.xml
Parsing RTL primitives file [C:/Xilinx/14.7/ISE_DS/PlanAhead/data/parts/xilinx/rtl/prims/rtl_prims.xml]
Finished parsing RTL primitives file [C:/Xilinx/14.7/ISE_DS/PlanAhead/data/parts/xilinx/rtl/prims/rtl_prims.xml]
start_gui
source D:/Tutorial/pa.fromHdl.tcl
# create_project -name Tutorial -dir "D:/Tutorial/planAhead_run_3" -part xc3s500efg320-4
ERROR: [Common 17-53] User Exception: Project already exists on disk, please use '-force' option to overwrite: 
     D:/Tutorial/planAhead_run_3/Tutorial.ppr
     D:/Tutorial/planAhead_run_3/Tutorial.data

    while executing
"create_project -name Tutorial -dir "D:/Tutorial/planAhead_run_3" -part xc3s500efg320-4"
    (file "D:/Tutorial/pa.fromHdl.tcl" line 4)
exit
INFO: [Common 17-206] Exiting PlanAhead at Mon Mar 13 11:56:16 2017...
INFO: [Common 17-83] Releasing license: PlanAhead
