Command line:
   CPU_tb_isim_beh.exe
     -simmode  gui
     -simrunnum  0
     -socket  51522

Thu Jun 08 17:52:44 2017


 Elaboration Time: 0.0625 sec

 Current Memory Usage: 1499.59 Meg

 Total Signals          : 19
 Total Nets             : 76
 Total Signal Drivers   : 12
 Total Blocks           : 5
 Total Primitive Blocks : 3
 Total Processes        : 5
 Total Traceable Variables  : 17
 Total Scalar Nets and Variables : 690
Total Line Count : 45

 Total Simulation Time: 0.6875 sec

 Current Memory Usage: 870.416 Meg

Thu Jun 08 17:57:37 2017

