Command line:
   Transmissor_tb_isim_beh.exe
     -simmode  gui
     -simrunnum  0
     -socket  2227

Mon May 22 12:15:57 2017


 Elaboration Time: 0.0312 sec

 Current Memory Usage: 506.434 Meg

 Total Signals          : 24
 Total Nets             : 22
 Total Signal Drivers   : 13
 Total Blocks           : 4
 Total Primitive Blocks : 2
 Total Processes        : 5
 Total Traceable Variables  : 10
 Total Scalar Nets and Variables : 384
Total Line Count : 44

 Total Simulation Time: 1.46641 sec

 Current Memory Usage: 506.434 Meg

Mon May 22 12:20:32 2017

